make all --print-data-base --no-builtin-variables --no-builtin-rules --question
# GNU Make 4.1
# Built for x86_64-pc-linux-gnu
# Copyright (C) 1988-2014 Free Software Foundation, Inc.
# License GPLv3+: GNU GPL version 3 or later <http://gnu.org/licenses/gpl.html>
# This is free software: you are free to change and redistribute it.
# There is NO WARRANTY, to the extent permitted by law.
 

# Make data base, printed on Thu Mar 24 05:06:38 2022

# Variables

# 'override' directive
GNUMAKEFLAGS := 
# automatic
<D = $(patsubst %/,%,$(dir $<))
# automatic
?F = $(notdir $?)
# environment
DESKTOP_SESSION = ubuntu
# default
.SHELLFLAGS := -c
# environment
SNAP_COMMON = /var/snap/code/common
# environment
XDG_SESSION_TYPE = x11
# environment
VSCODE_LOG_NATIVE = false
# makefile (from 'Makefile', line 20)
DEPENDENCIES = $(addprefix .,$(SOURCES:.c=.d))  
# automatic
?D = $(patsubst %/,%,$(dir $?))
# environment
IM_CONFIG_PHASE = 2
# automatic
@D = $(patsubst %/,%,$(dir $@))
# environment
XAUTHORITY = /run/user/1000/gdm/Xauthority
# environment
GDMSESSION = ubuntu
# environment
XMODIFIERS = @im=ibus
# makefile
CURDIR := /home/sefatno/exam2
# makefile
SHELL = /bin/sh
# environment
SNAP_DATA = /var/snap/code/91
# environment
VSCODE_NLS_CONFIG = {"locale":"en-us","availableLanguages":{},"_languagePackSupport":true}
# environment
_ = /snap/code/91/usr/share/code/code
# makefile (from 'Makefile', line 9)
CFLAGS = -Wall -O3 -lm
# environment
XDG_CONFIG_DIRS = /etc/xdg/xdg-ubuntu:/etc/xdg
# environment
SNAP_INSTANCE_NAME = code
# environment
SNAP_ARCH = amd64
# makefile (from '.c63_write.d', line 1)
MAKEFILE_LIST :=  Makefile .io.d .me.d .tables.d .dsp.d .common.d .c63enc.d .c63_write.d
# automatic
@F = $(notdir $@)
# environment
GIO_LAUNCHED_DESKTOP_FILE = /var/lib/snapd/desktop/applications/code_code.desktop
# environment
USERNAME = sefatno
# makefile (from 'Makefile', line 18)
SOURCES = $(wildcard *.c)
# environment
MAKELEVEL := 0
# environment
XDG_DATA_DIRS = /usr/share/ubuntu:/usr/local/share/:/usr/share/:/var/lib/snapd/desktop
# environment
DBUS_SESSION_BUS_ADDRESS = unix:path=/run/user/1000/bus
# environment
VSCODE_VERBOSE_LOGGING = true
# environment
CLUTTER_IM_MODULE = xim
# environment
LESSOPEN = | /usr/bin/lesspipe %s
# environment
LC_NAME = nb_NO.UTF-8
# environment
VSCODE_CWD = /home/sefatno
# environment
GSETTINGS_SCHEMA_DIR = /snap/code/91/usr/share/glib-2.0/schemas
# default
MAKE_HOST := x86_64-pc-linux-gnu
# environment
PATH = /usr/local/sbin:/usr/local/bin:/usr/sbin:/usr/bin:/sbin:/bin:/usr/games:/usr/local/games:/snap/bin
# environment
GPG_AGENT_INFO = /run/user/1000/gnupg/S.gpg-agent:0:1
# environment
SESSION_MANAGER = local/noorflip:@/tmp/.ICE-unix/992,unix/noorflip:/tmp/.ICE-unix/992
# environment
XDG_RUNTIME_DIR = /run/user/1000
# environment
GDK_PIXBUF_MODULE_FILE = /home/sefatno/snap/code/common/.cache/gdk-pixbuf-loaders.cache
# environment
TEXTDOMAIN = im-config
# environment
SNAP = /snap/code/91
# environment
SNAP_VERSION = c722ca6c
# environment
XDG_MENU_PREFIX = gnome-
# environment
VSCODE_LOG_STACK = false
# environment
DISABLE_WAYLAND = 1
# environment
ELECTRON_RUN_AS_NODE = 1
# makefile (from 'Makefile', line 14)
LDFLAGS = -lm
# environment
GDK_PIXBUF_MODULEDIR = /snap/code/91/usr/lib/x86_64-linux-gnu/gdk-pixbuf-2.0/2.10.0/loaders
# default
.FEATURES := target-specific order-only second-expansion else-if shortest-stem undefine oneshell archives jobserver output-sync check-symlink load
# environment
LS_COLORS = 
# environment
XDG_SESSION_DESKTOP = ubuntu
# environment
SSH_AUTH_SOCK = /run/user/1000/keyring/ssh
# environment
GIO_LAUNCHED_DESKTOP_FILE_PID = 7440
# automatic
%F = $(notdir $%)
# environment
DISPLAY = :0
# environment
GTK_IM_MODULE = ibus
# environment
VSCODE_PIPE_LOGGING = true
# environment
SNAP_INSTANCE_KEY = 
# environment
PWD = /home/sefatno/exam2
# environment
XDG_SEAT = seat0
# environment
SSH_AGENT_PID = 1087
# environment
ORIGINAL_XDG_CURRENT_DESKTOP = ubuntu:GNOME
# environment
GTK_MODULES = gail:atk-bridge
# environment
VSCODE_AMD_ENTRYPOINT = vs/workbench/api/node/extensionHostProcess
# environment
HOME = /home/sefatno
# environment
LESSCLOSE = /usr/bin/lesspipe %s %s
# environment
VSCODE_CLI = 1
# environment
VSCODE_CODE_CACHE_PATH = /home/sefatno/.config/Code/CachedData/c722ca6c7eed3d7987c0d5c3df5c45f6b15e77d1
# environment
LOGNAME = sefatno
# environment
APPLICATION_INSIGHTS_NO_DIAGNOSTIC_CHANNEL = 1
# environment
SNAP_LIBRARY_PATH = /var/lib/snapd/lib/gl:/var/lib/snapd/lib/gl32:/var/lib/snapd/void
# environment
SNAP_CONTEXT = 1hEWrksj1T63XDiid8JKiq5bhQ6DDi6A9k2cBGRmqDY5h3NoZ0NC
# automatic
+F = $(notdir $+)
# environment
ELECTRON_NO_ATTACH_CONSOLE = 1
# environment
SNAP_USER_COMMON = /home/sefatno/snap/code/common
# environment
VSCODE_HANDLES_UNCAUGHT_ERRORS = true
# default
MAKE_VERSION := 4.1
# environment
GNOME_DESKTOP_SESSION_ID = this-is-deprecated
# automatic
^D = $(patsubst %/,%,$(dir $^))
# environment
XDG_VTNR = 1
# environment
LC_TIME = nb_NO.UTF-8
# environment
SNAP_REAL_HOME = /home/sefatno
# default
MAKE = $(MAKE_COMMAND)
# default
MAKECMDGOALS := all
# environment
QT_IM_MODULE = xim
# environment
SNAP_USER_DATA = /home/sefatno/snap/code/91
# environment
SHLVL = 1
# makefile (from 'Makefile', line 6)
CC = gcc
# environment
GNOME_SHELL_SESSION_MODE = ubuntu
# environment
VSCODE_IPC_HOOK_EXTHOST = /run/user/1000/vscode-ipc-54f19c77-b635-45b1-ac21-c408e887c7c0.sock
# environment
XDG_SESSION_ID = 1
# environment
USER = sefatno
# environment
SNAP_REVISION = 91
# environment
LC_MONETARY = nb_NO.UTF-8
# makefile
.DEFAULT_GOAL := all
# environment
XDG_CURRENT_DESKTOP = Unity
# automatic
%D = $(patsubst %/,%,$(dir $%))
# environment
LC_TELEPHONE = nb_NO.UTF-8
# default
MAKE_COMMAND := make
# default
.VARIABLES := 
# automatic
*F = $(notdir $*)
# environment
VSCODE_IPC_HOOK = /run/user/1000/vscode-624b2226-1.65.2-main.sock
# environment
BAMF_DESKTOP_FILE_HINT = /var/lib/snapd/desktop/applications/code_code.desktop
# makefile
MAKEFLAGS = pqrR
# makefile (from 'Makefile', line 16)
MFLAGS = -MMD -MP -MF
# automatic
*D = $(patsubst %/,%,$(dir $*))
# automatic
+D = $(patsubst %/,%,$(dir $+))
# environment
GDK_BACKEND = x11
# environment
LC_PAPER = nb_NO.UTF-8
# environment
LC_IDENTIFICATION = nb_NO.UTF-8
# environment
QT_ACCESSIBILITY = 1
# environment
TEXTDOMAINDIR = /usr/share/locale/
# default
MAKEFILES := 
# environment
SNAP_COOKIE = 1hEWrksj1T63XDiid8JKiq5bhQ6DDi6A9k2cBGRmqDY5h3NoZ0NC
# environment
LC_NUMERIC = nb_NO.UTF-8
# automatic
<F = $(notdir $<)
# makefile (from 'Makefile', line 5)
uname_p := x86_64
# environment
LC_MEASUREMENT = nb_NO.UTF-8
# environment
SNAP_NAME = code
# environment
LC_ALL = C
# environment
QT4_IM_MODULE = xim
# environment
GJS_DEBUG_TOPICS = JS ERROR;JS LOG
# automatic
^F = $(notdir $^)
# default
SUFFIXES := 
# environment
SNAP_REEXEC = 
# environment
CHROME_DESKTOP = code-url-handler.desktop
# environment
WINDOWPATH = 1
# default
.INCLUDE_DIRS = /usr/include /usr/local/include /usr/include
# environment
GJS_DEBUG_OUTPUT = stderr
# default
.RECIPEPREFIX := 
# makefile (from 'Makefile', line 19)
OBJECTS = $(SOURCES:.c=.o)
# environment
LC_ADDRESS = nb_NO.UTF-8
# environment
LANG = C
# environment
VSCODE_PID = 7481
# variable set hash-table stats:
# Load=139/1024=14%, Rehash=0, Collisions=24/186=13%

# Pattern-specific Variable Values

# No pattern-specific variable values.

# Directories

# . (device 52, inode 1): 42 files, no impossibilities.
 

# 42 files, no impossibilities in 1 directories.

# Implicit Rules

%.o: %.c
#  recipe to execute (from 'Makefile', line 34):
	$(CC) $(CFLAGS) $(MFLAGS) $(addprefix .,$(patsubst %.o,%.d,$@)) -c $< -o $@

# 1 implicit rules, 0 (0.0%) terminal.

# Files

dsp.o: dsp.c dsp.c dsp.h tables.h
#  Implicit rule search has been done.
#  Implicit/static pattern stem: 'dsp'
#  Last modified 2022-03-24 05:02:09
#  File has been updated.
#  Successfully updated.
#  recipe to execute (from 'Makefile', line 34):
	$(CC) $(CFLAGS) $(MFLAGS) $(addprefix .,$(patsubst %.o,%.d,$@)) -c $< -o $@

me.h:
#  Implicit rule search has been done.
#  Last modified 2022-03-23 02:03:29
#  File has been updated.
#  Successfully updated.

c63_write.h:
#  Implicit rule search has been done.
#  Last modified 2022-03-23 02:03:29
#  File has been updated.
#  Successfully updated.

all: c63enc c63dec c63pred
#  Phony target (prerequisite of .PHONY).
#  Command line target.
#  Implicit rule search has not been done.
#  File does not exist.
#  File has been updated.
#  Successfully updated.

io.o: io.c io.c io.h c63.h
#  Implicit rule search has been done.
#  Implicit/static pattern stem: 'io'
#  Last modified 2022-03-24 05:02:10
#  File has been updated.
#  Successfully updated.
#  recipe to execute (from 'Makefile', line 34):
	$(CC) $(CFLAGS) $(MFLAGS) $(addprefix .,$(patsubst %.o,%.d,$@)) -c $< -o $@

.PHONY: clean all
#  Implicit rule search has not been done.
#  Modification time never checked.
#  File has not been updated.

c63enc: c63enc.o dsp.o tables.o io.o c63_write.o common.o me.o
#  Implicit rule search has not been done.
#  Last modified 2022-03-24 05:02:12
#  File has been updated.
#  Successfully updated.
#  recipe to execute (from 'Makefile', line 27):
	$(CC) $^ $(CFLAGS) $(LDFLAGS) -o $@

c63enc.o: c63enc.c c63enc.c c63.h c63_write.h common.h me.h tables.h
#  Implicit rule search has been done.
#  Implicit/static pattern stem: 'c63enc'
#  Last modified 2022-03-24 05:02:09
#  File has been updated.
#  Successfully updated.
#  recipe to execute (from 'Makefile', line 34):
	$(CC) $(CFLAGS) $(MFLAGS) $(addprefix .,$(patsubst %.o,%.d,$@)) -c $< -o $@

# Not a target:
.common.d:
#  Implicit rule search has been done.
#  Last modified 2022-03-24 05:02:11
#  File has been updated.
#  Successfully updated.

c63.h:
#  Implicit rule search has been done.
#  Last modified 2022-03-24 02:45:31
#  File has been updated.
#  Successfully updated.

# Not a target:
.me.d:
#  Implicit rule search has been done.
#  Last modified 2022-03-24 05:02:11
#  File has been updated.
#  Successfully updated.

# Not a target:
tables.c:
#  Implicit rule search has been done.
#  Last modified 2022-03-24 01:55:24
#  File has been updated.
#  Successfully updated.

# Not a target:
.c63enc.d:
#  Implicit rule search has been done.
#  Last modified 2022-03-24 05:02:09
#  File has been updated.
#  Successfully updated.

# Not a target:
Makefile:
#  Implicit rule search has been done.
#  Last modified 2022-03-24 04:59:44
#  File has been updated.
#  Successfully updated.

# Not a target:
.tables.d:
#  Implicit rule search has been done.
#  Last modified 2022-03-24 05:02:09
#  File has been updated.
#  Successfully updated.

c63_write.o: c63_write.c c63_write.c c63.h c63_write.h io.h tables.h
#  Implicit rule search has been done.
#  Implicit/static pattern stem: 'c63_write'
#  Last modified 2022-03-24 05:02:10
#  File has been updated.
#  Successfully updated.
#  recipe to execute (from 'Makefile', line 34):
	$(CC) $(CFLAGS) $(MFLAGS) $(addprefix .,$(patsubst %.o,%.d,$@)) -c $< -o $@

c63pred: c63dec.c dsp.o tables.o io.o common.o me.o
#  Implicit rule search has not been done.
#  Last modified 2022-03-24 05:02:14
#  File has been updated.
#  Successfully updated.
#  recipe to execute (from 'Makefile', line 31):
	$(CC) $^ -DC63_PRED $(CFLAGS) $(LDFLAGS) -o $@

# Not a target:
dsp.c:
#  Implicit rule search has been done.
#  Last modified 2022-03-23 02:03:29
#  File has been updated.
#  Successfully updated.

tables.h:
#  Implicit rule search has been done.
#  Last modified 2022-03-24 01:55:57
#  File has been updated.
#  Successfully updated.

# Not a target:
.c63_write.d:
#  Implicit rule search has been done.
#  Last modified 2022-03-24 05:02:10
#  File has been updated.
#  Successfully updated.

c63dec: c63dec.c dsp.o tables.o io.o common.o me.o
#  Implicit rule search has not been done.
#  Last modified 2022-03-24 05:02:13
#  File has been updated.
#  Successfully updated.
#  recipe to execute (from 'Makefile', line 29):
	$(CC) $^ $(CFLAGS) $(LDFLAGS) -o $@

# Not a target:
.dsp.d:
#  Implicit rule search has been done.
#  Last modified 2022-03-24 05:02:09
#  File has been updated.
#  Successfully updated.

common.h:
#  Implicit rule search has been done.
#  Last modified 2022-03-23 02:03:29
#  File has been updated.
#  Successfully updated.

# Not a target:
io.c:
#  Implicit rule search has been done.
#  Last modified 2022-03-23 02:03:29
#  File has been updated.
#  Successfully updated.

dsp.h:
#  Implicit rule search has been done.
#  Last modified 2022-03-23 02:03:29
#  File has been updated.
#  Successfully updated.

# Not a target:
.c63dec.d:
#  Implicit rule search has been done.
#  File does not exist.
#  File has been updated.
#  Failed to be updated.

me.o: me.c me.c dsp.h me.h c63.h
#  Implicit rule search has been done.
#  Implicit/static pattern stem: 'me'
#  Last modified 2022-03-24 05:02:11
#  File has been updated.
#  Successfully updated.
#  recipe to execute (from 'Makefile', line 34):
	$(CC) $(CFLAGS) $(MFLAGS) $(addprefix .,$(patsubst %.o,%.d,$@)) -c $< -o $@

# Not a target:
c63enc.c:
#  Implicit rule search has been done.
#  Last modified 2022-03-23 02:03:29
#  File has been updated.
#  Successfully updated.

# Not a target:
.DEFAULT:
#  Implicit rule search has not been done.
#  Modification time never checked.
#  File has not been updated.

# Not a target:
common.c:
#  Implicit rule search has been done.
#  Last modified 2022-03-23 02:03:29
#  File has been updated.
#  Successfully updated.

io.h:
#  Implicit rule search has been done.
#  Last modified 2022-03-23 02:03:29
#  File has been updated.
#  Successfully updated.

common.o: common.c common.c common.h c63.h dsp.h
#  Implicit rule search has been done.
#  Implicit/static pattern stem: 'common'
#  Last modified 2022-03-24 05:02:11
#  File has been updated.
#  Successfully updated.
#  recipe to execute (from 'Makefile', line 34):
	$(CC) $(CFLAGS) $(MFLAGS) $(addprefix .,$(patsubst %.o,%.d,$@)) -c $< -o $@

# Not a target:
c63_write.c:
#  Implicit rule search has been done.
#  Last modified 2022-03-23 02:03:29
#  File has been updated.
#  Successfully updated.

clean:
#  Phony target (prerequisite of .PHONY).
#  Implicit rule search has not been done.
#  File does not exist.
#  File has not been updated.
#  recipe to execute (from 'Makefile', line 37):
	$(RM) c63enc c63dec c63pred $(OBJECTS) $(DEPENDENCIES)

# Not a target:
c63dec.c:
#  Implicit rule search has been done.
#  Last modified 2022-03-23 02:03:29
#  File has been updated.
#  Successfully updated.

# Not a target:
.io.d:
#  Implicit rule search has been done.
#  Last modified 2022-03-24 05:02:10
#  File has been updated.
#  Successfully updated.

# Not a target:
me.c:
#  Implicit rule search has been done.
#  Last modified 2022-03-23 02:03:29
#  File has been updated.
#  Successfully updated.

tables.o: tables.c tables.c
#  Implicit rule search has been done.
#  Implicit/static pattern stem: 'tables'
 
#  Last modified 2022-03-24 05:02:10
#  File has been updated.
#  Successfully updated.
#  recipe to execute (from 'Makefile', line 34):
	$(CC) $(CFLAGS) $(MFLAGS) $(addprefix .,$(patsubst %.o,%.d,$@)) -c $< -o $@

# files hash-table stats:
# Load=39/1024=4%, Rehash=0, Collisions=25/152=16%
# VPATH Search Paths

# No 'vpath' search paths.

# No general ('VPATH' variable) search path.

# strcache buffers: 1 (0) / strings = 58 / storage = 473 B / avg = 8 B
# current buf: size = 8162 B / used = 473 B / count = 58 / avg = 8 B

# strcache performance: lookups = 204 / hit rate = 71%
# hash-table stats:
# Load=58/8192=1%, Rehash=0, Collisions=21/204=10%
# Finished Make data base on Thu Mar 24 05:06:38 2022

 
